<component name="libraryTable">
  <library name="junit_api">
    <CLASSES>
      <root url="jar://$PROJECT_DIR$/lib/junit_api.jar!/" />
    </CLASSES>
    <JAVADOC />
    <SOURCES />
  </library>
</component>